Using pre-set license
Built from '2021.1/release' branch; Version is '2021.1.4f1 (4cd64a618c1b) revision 5035594'; Using compiler version '192528614'; Build Type 'Release'
OS: 'Windows 10 Home; OS build 19041.928; Version 2004; 64bit' Language: 'sv' Physical Memory: 16327 MB
BatchMode: 1, IsHumanControllingUs: 0, StartBugReporterOnCrash: 0, Is64bit: 1, IsPro: 0

 COMMAND LINE ARGUMENTS:
D:\Program\Unity\2021.1.4f1\Editor\Unity.exe
-adb2
-batchMode
-noUpm
-name
AssetImportWorker0
-projectPath
D:/Dokument/Unity Projects/LittleSquire/LittleSquire
-logFile
Logs/AssetImportWorker0.log
-srvPort
63864
Successfully changed project path to: D:/Dokument/Unity Projects/LittleSquire/LittleSquire
D:/Dokument/Unity Projects/LittleSquire/LittleSquire
Using Asset Import Pipeline V2.
Refreshing native plugins compatible for Editor in 115.14 ms, found 0 plugins.
Preloading 0 native plugins for Editor in 0.00 ms.
Initialize engine version: 2021.1.4f1 (4cd64a618c1b)
[Subsystems] Discovering subsystems at path D:/Program/Unity/2021.1.4f1/Editor/Data/Resources/UnitySubsystems
[Subsystems] Discovering subsystems at path D:/Dokument/Unity Projects/LittleSquire/LittleSquire/Assets
GfxDevice: creating device client; threaded=0; jobified=0
Direct3D:
    Version:  Direct3D 11.0 [level 11.1]
    Renderer: NVIDIA GeForce GTX 970 (ID=0x13c2)
    Vendor:   NVIDIA
    VRAM:     4043 MB
    Driver:   27.21.14.6172
Initialize mono
Mono path[0] = 'D:/Program/Unity/2021.1.4f1/Editor/Data/Managed'
Mono path[1] = 'D:/Program/Unity/2021.1.4f1/Editor/Data/MonoBleedingEdge/lib/mono/unityjit'
Mono config path = 'D:/Program/Unity/2021.1.4f1/Editor/Data/MonoBleedingEdge/etc'
Using monoOptions --debugger-agent=transport=dt_socket,embedding=1,server=y,suspend=n,address=127.0.0.1:56076
Begin MonoManager ReloadAssembly
Registering precompiled unity dll's ...
Register platform support module: D:/Program/Unity/2021.1.4f1/Editor/Data/PlaybackEngines/WindowsStandaloneSupport/UnityEditor.WindowsStandalone.Extensions.dll
Registered in 0.011900 seconds.
Native extension for WindowsStandalone target not found
Refreshing native plugins compatible for Editor in 102.61 ms, found 0 plugins.
Preloading 0 native plugins for Editor in 0.00 ms.
Mono: successfully reloaded assembly
- Completed reload, in  1.886 seconds
Platform modules already initialized, skipping
Registering precompiled user dll's ...
Registered in 0.003331 seconds.
Begin MonoManager ReloadAssembly
Native extension for WindowsStandalone target not found
Refreshing native plugins compatible for Editor in 122.45 ms, found 0 plugins.
Preloading 0 native plugins for Editor in 0.00 ms.
HDRP Internally changed the storage of Cube Cookie to use Octahedral Projection inside the 2D Cookie Atlas. It is recommended that you increase the size of the 2D Cookie Atlas if your cookies no longer fit.
UnityEngine.StackTraceUtility:ExtractStackTrace ()
UnityEngine.DebugLogHandler:LogFormat (UnityEngine.LogType,UnityEngine.Object,string,object[])
UnityEngine.Logger:Log (UnityEngine.LogType,object)
UnityEngine.Debug:Log (object)
UnityEngine.Rendering.HighDefinition.HDRenderPipelineAsset/<>c:<.cctor>b__106_12 (UnityEngine.Rendering.HighDefinition.HDRenderPipelineAsset) (at Library/PackageCache/com.unity.render-pipelines.high-definition@11.0.0/Runtime/RenderPipeline/HDRenderPipelineAsset.Migration.cs:126)
UnityEngine.Rendering.HighDefinition.MigrationStep`2<UnityEngine.Rendering.HighDefinition.HDRenderPipelineAsset/Version, UnityEngine.Rendering.HighDefinition.HDRenderPipelineAsset>:Migrate (UnityEngine.Rendering.HighDefinition.HDRenderPipelineAsset) (at Library/PackageCache/com.unity.render-pipelines.high-definition@11.0.0/Runtime/Core/Migration/MigrationStep.cs:52)
UnityEngine.Rendering.HighDefinition.MigrationDescription`2<UnityEngine.Rendering.HighDefinition.HDRenderPipelineAsset/Version, UnityEngine.Rendering.HighDefinition.HDRenderPipelineAsset>:Migrate (UnityEngine.Rendering.HighDefinition.HDRenderPipelineAsset) (at Library/PackageCache/com.unity.render-pipelines.high-definition@11.0.0/Runtime/Core/Migration/MigrationDescription.cs:101)
UnityEngine.Rendering.HighDefinition.HDRenderPipelineAsset:OnEnable () (at Library/PackageCache/com.unity.render-pipelines.high-definition@11.0.0/Runtime/RenderPipeline/HDRenderPipelineAsset.Migration.cs:146)
UnityEngine.Rendering.GraphicsSettings:get_currentRenderPipeline ()
UnityEditor.CustomEditorAttributes:FindCustomEditorTypeByType (System.Type,bool)
UnityEditor.ProBuilder.EditorUtility:SetGizmoIconEnabled (System.Type,bool) (at Library/PackageCache/com.unity.probuilder@5.0.3/Editor/EditorCore/EditorUtility.cs:573)
UnityEditor.ProBuilder.HierarchyListener:.cctor () (at Library/PackageCache/com.unity.probuilder@5.0.3/Editor/EditorCore/HierarchyListener.cs:21)
System.Runtime.CompilerServices.RuntimeHelpers:RunClassConstructor (System.RuntimeTypeHandle)
UnityEditor.EditorAssemblies:ProcessInitializeOnLoadAttributes (System.Type[])

(Filename: Library/PackageCache/com.unity.render-pipelines.high-definition@11.0.0/Runtime/RenderPipeline/HDRenderPipelineAsset.Migration.cs Line: 126)

Mono: successfully reloaded assembly
- Completed reload, in  2.255 seconds
Platform modules already initialized, skipping
========================================================================
Worker process is ready to serve import requests
Launched and connected shader compiler UnityShaderCompiler.exe after 0.09 seconds
Refreshing native plugins compatible for Editor in 0.92 ms, found 0 plugins.
Preloading 0 native plugins for Editor in 0.00 ms.
Unloading 4485 Unused Serialized files (Serialized files now loaded: 0)
System memory in use before: 222.2 MB.
System memory in use after: 222.4 MB.

Unloading 161 unused Assets to reduce memory usage. Loaded Objects now: 4936.
Total: 5.605000 ms (FindLiveObjects: 0.542700 ms CreateObjectMapping: 0.483800 ms MarkObjects: 4.293800 ms  DeleteObjects: 0.283400 ms)

========================================================================
Received Import Request.
  path: Assets/Models/Ruins/Wall_3x3_WellEntrance.fbx
  artifactKey: Guid(b90b227a4b1bdcb44a3cba14525dfc25) Importer(815301076,1909f56bfc062723c751e8b465ee728b)
Start importing Assets/Models/Ruins/Wall_3x3_WellEntrance.fbx using Guid(b90b227a4b1bdcb44a3cba14525dfc25) Importer(815301076,1909f56bfc062723c751e8b465ee728b) Launched and connected shader compiler UnityShaderCompiler.exe after 0.09 seconds
Launched and connected shader compiler UnityShaderCompiler.exe after 0.09 seconds
Launched and connected shader compiler UnityShaderCompiler.exe after 0.09 seconds
 -> (artifact id: '7e27a8c47a4c928ca26f5ddd574b41d0') in 1.442050 seconds 
========================================================================
Received Import Request.
  Time since last request: 0.711400 seconds.
  path: Assets/Models/Ruins/Wall_3x3_WellEntrance.fbx
  artifactKey: Guid(b90b227a4b1bdcb44a3cba14525dfc25) Importer(815301076,1909f56bfc062723c751e8b465ee728b)
Start importing Assets/Models/Ruins/Wall_3x3_WellEntrance.fbx using Guid(b90b227a4b1bdcb44a3cba14525dfc25) Importer(815301076,1909f56bfc062723c751e8b465ee728b)  -> (artifact id: '4a9d3cfb681ebcf9204574e2a6ae87dd') in 0.035617 seconds 
========================================================================
Received Import Request.
  Time since last request: 5.773172 seconds.
  path: Assets/Models/Ruins/Wall_3x3_WellEntrance.fbx
  artifactKey: Guid(b90b227a4b1bdcb44a3cba14525dfc25) Importer(815301076,1909f56bfc062723c751e8b465ee728b)
Start importing Assets/Models/Ruins/Wall_3x3_WellEntrance.fbx using Guid(b90b227a4b1bdcb44a3cba14525dfc25) Importer(815301076,1909f56bfc062723c751e8b465ee728b)  -> (artifact id: '4e8ff4fec7f143d0429fec5804eb91cb') in 0.026905 seconds 
========================================================================
Received Prepare
Registering precompiled user dll's ...
Registered in 0.003291 seconds.
Begin MonoManager ReloadAssembly
Native extension for WindowsStandalone target not found
Refreshing native plugins compatible for Editor in 0.95 ms, found 0 plugins.
Preloading 0 native plugins for Editor in 0.00 ms.
Mono: successfully reloaded assembly
- Completed reload, in  1.976 seconds
Platform modules already initialized, skipping
Refreshing native plugins compatible for Editor in 4.81 ms, found 0 plugins.
Preloading 0 native plugins for Editor in 0.00 ms.
Unloading 4144 Unused Serialized files (Serialized files now loaded: 0)
System memory in use before: 216.0 MB.
System memory in use after: 216.2 MB.

Unloading 155 unused Assets to reduce memory usage. Loaded Objects now: 5113.
Total: 13.120000 ms (FindLiveObjects: 0.752100 ms CreateObjectMapping: 0.932800 ms MarkObjects: 10.971700 ms  DeleteObjects: 0.461200 ms)

========================================================================
Received Prepare
Registering precompiled user dll's ...
Registered in 0.003609 seconds.
Begin MonoManager ReloadAssembly
Native extension for WindowsStandalone target not found
Refreshing native plugins compatible for Editor in 1.11 ms, found 0 plugins.
Preloading 0 native plugins for Editor in 0.00 ms.
Mono: successfully reloaded assembly
- Completed reload, in  2.015 seconds
Platform modules already initialized, skipping
Refreshing native plugins compatible for Editor in 1.02 ms, found 0 plugins.
Preloading 0 native plugins for Editor in 0.00 ms.
Unloading 4131 Unused Serialized files (Serialized files now loaded: 0)
System memory in use before: 215.3 MB.
System memory in use after: 215.6 MB.

Unloading 155 unused Assets to reduce memory usage. Loaded Objects now: 5116.
Total: 7.823500 ms (FindLiveObjects: 0.889700 ms CreateObjectMapping: 1.034700 ms MarkObjects: 5.531300 ms  DeleteObjects: 0.366000 ms)

========================================================================
Received Import Request.
  Time since last request: 320.547450 seconds.
  path: Assets/Models/Ruins/WallCorner_3y.fbx
  artifactKey: Guid(f4e70d188ff8aa14ca6e6e978362bd40) Importer(815301076,1909f56bfc062723c751e8b465ee728b)
Start importing Assets/Models/Ruins/WallCorner_3y.fbx using Guid(f4e70d188ff8aa14ca6e6e978362bd40) Importer(815301076,1909f56bfc062723c751e8b465ee728b)  -> (artifact id: '95d466f64bf78a2d649751419a3964e2') in 0.824550 seconds 
========================================================================
Received Import Request.
  Time since last request: 11.808319 seconds.
  path: Assets/Models/Ruins/WallCorner_3y.fbx
  artifactKey: Guid(f4e70d188ff8aa14ca6e6e978362bd40) Importer(815301076,1909f56bfc062723c751e8b465ee728b)
Start importing Assets/Models/Ruins/WallCorner_3y.fbx using Guid(f4e70d188ff8aa14ca6e6e978362bd40) Importer(815301076,1909f56bfc062723c751e8b465ee728b)  -> (artifact id: '9a6c3d696bbacf5b08e52fe591a626ae') in 0.029305 seconds 
========================================================================
Received Import Request.
  Time since last request: 517.683075 seconds.
  path: Assets/Models/Ruins/WallWell_3x3.fbx
  artifactKey: Guid(e2d7ebbe6a6957a4faa18e7e0cf36f41) Importer(815301076,1909f56bfc062723c751e8b465ee728b)
Start importing Assets/Models/Ruins/WallWell_3x3.fbx using Guid(e2d7ebbe6a6957a4faa18e7e0cf36f41) Importer(815301076,1909f56bfc062723c751e8b465ee728b)  -> (artifact id: '2f290448fa345eebf121e9731f70a1b1') in 0.047004 seconds 
========================================================================
Received Import Request.
  Time since last request: 8.724149 seconds.
  path: Assets/Models/Ruins/WallWell_3x3.fbx
  artifactKey: Guid(e2d7ebbe6a6957a4faa18e7e0cf36f41) Importer(815301076,1909f56bfc062723c751e8b465ee728b)
Start importing Assets/Models/Ruins/WallWell_3x3.fbx using Guid(e2d7ebbe6a6957a4faa18e7e0cf36f41) Importer(815301076,1909f56bfc062723c751e8b465ee728b)  -> (artifact id: 'bd08b8daee197797a2ecf4eda4c592ba') in 0.028451 seconds 
========================================================================
Received Import Request.
  Time since last request: 13.577562 seconds.
  path: Assets/Models/Ruins/WallWell_3x1.fbx
  artifactKey: Guid(e2d7ebbe6a6957a4faa18e7e0cf36f41) Importer(815301076,1909f56bfc062723c751e8b465ee728b)
Start importing Assets/Models/Ruins/WallWell_3x1.fbx using Guid(e2d7ebbe6a6957a4faa18e7e0cf36f41) Importer(815301076,1909f56bfc062723c751e8b465ee728b)  -> (artifact id: '87c1d81efdf6e863d2f6be2217e73fac') in 0.037547 seconds 
========================================================================
Received Prepare
Registering precompiled user dll's ...
Registered in 0.003732 seconds.
Begin MonoManager ReloadAssembly
Native extension for WindowsStandalone target not found
Refreshing native plugins compatible for Editor in 0.97 ms, found 0 plugins.
Preloading 0 native plugins for Editor in 0.00 ms.
Mono: successfully reloaded assembly
- Completed reload, in  2.594 seconds
Platform modules already initialized, skipping
Refreshing native plugins compatible for Editor in 0.88 ms, found 0 plugins.
Preloading 0 native plugins for Editor in 0.00 ms.
Unloading 4131 Unused Serialized files (Serialized files now loaded: 0)
System memory in use before: 216.0 MB.
System memory in use after: 216.2 MB.

Unloading 155 unused Assets to reduce memory usage. Loaded Objects now: 5221.
Total: 5.593400 ms (FindLiveObjects: 0.551500 ms CreateObjectMapping: 0.640400 ms MarkObjects: 4.059000 ms  DeleteObjects: 0.341100 ms)

========================================================================
Received Prepare
Registering precompiled user dll's ...
Registered in 0.003479 seconds.
Begin MonoManager ReloadAssembly
Native extension for WindowsStandalone target not found
Refreshing native plugins compatible for Editor in 1.06 ms, found 0 plugins.
Preloading 0 native plugins for Editor in 0.00 ms.
Mono: successfully reloaded assembly
- Completed reload, in  1.943 seconds
Platform modules already initialized, skipping
Refreshing native plugins compatible for Editor in 0.93 ms, found 0 plugins.
Preloading 0 native plugins for Editor in 0.00 ms.
Unloading 4131 Unused Serialized files (Serialized files now loaded: 0)
System memory in use before: 215.8 MB.
System memory in use after: 216.0 MB.

Unloading 155 unused Assets to reduce memory usage. Loaded Objects now: 5224.
Total: 6.593800 ms (FindLiveObjects: 0.655300 ms CreateObjectMapping: 0.558600 ms MarkObjects: 5.026500 ms  DeleteObjects: 0.351700 ms)

========================================================================
Received Prepare
Registering precompiled user dll's ...
Registered in 0.003344 seconds.
Begin MonoManager ReloadAssembly
Native extension for WindowsStandalone target not found
Refreshing native plugins compatible for Editor in 0.99 ms, found 0 plugins.
Preloading 0 native plugins for Editor in 0.00 ms.
Mono: successfully reloaded assembly
- Completed reload, in  1.967 seconds
Platform modules already initialized, skipping
Refreshing native plugins compatible for Editor in 1.01 ms, found 0 plugins.
Preloading 0 native plugins for Editor in 0.00 ms.
Unloading 4131 Unused Serialized files (Serialized files now loaded: 0)
System memory in use before: 215.6 MB.
System memory in use after: 215.8 MB.

Unloading 155 unused Assets to reduce memory usage. Loaded Objects now: 5227.
Total: 5.205600 ms (FindLiveObjects: 0.540000 ms CreateObjectMapping: 0.512200 ms MarkObjects: 3.870500 ms  DeleteObjects: 0.281800 ms)

========================================================================
Received Prepare
Registering precompiled user dll's ...
Registered in 0.004457 seconds.
Begin MonoManager ReloadAssembly
Native extension for WindowsStandalone target not found
Refreshing native plugins compatible for Editor in 0.95 ms, found 0 plugins.
Preloading 0 native plugins for Editor in 0.00 ms.
Mono: successfully reloaded assembly
- Completed reload, in  1.993 seconds
Platform modules already initialized, skipping
Refreshing native plugins compatible for Editor in 1.00 ms, found 0 plugins.
Preloading 0 native plugins for Editor in 0.00 ms.
Unloading 4131 Unused Serialized files (Serialized files now loaded: 0)
System memory in use before: 215.6 MB.
System memory in use after: 215.8 MB.

Unloading 155 unused Assets to reduce memory usage. Loaded Objects now: 5230.
Total: 6.225900 ms (FindLiveObjects: 0.779300 ms CreateObjectMapping: 0.658500 ms MarkObjects: 4.344300 ms  DeleteObjects: 0.442100 ms)

AssetImportWorkerClient::OnTransportError - code=2 error=End of file
